        -:    0:Source:src/Complex.cpp
        -:    0:Programs:2
        -:    1:/*EOF*/
        -:    2:/*EOF*/
        -:    3:/*EOF*/
        -:    4:/*EOF*/
        -:    5:/*EOF*/
        -:    6:/*EOF*/
        -:    7:/*EOF*/
        -:    8:/*EOF*/
        -:    9:/*EOF*/
        -:   10:/*EOF*/
        -:   11:/*EOF*/
        -:   12:/*EOF*/
        -:   13:/*EOF*/
        -:   14:/*EOF*/
        -:   15:/*EOF*/
    #####:   16:/*EOF*/
        -:   17:/*EOF*/
    #####:   18:/*EOF*/
        -:   19:/*EOF*/
    #####:   20:/*EOF*/
        -:   21:/*EOF*/
    #####:   22:/*EOF*/
        -:   23:/*EOF*/
        4:   24:/*EOF*/
        -:   25:/*EOF*/
        4:   26:/*EOF*/
        -:   27:/*EOF*/
        4:   28:/*EOF*/
        4:   29:/*EOF*/
        -:   30:/*EOF*/
        1:   31:/*EOF*/
        -:   32:/*EOF*/
        1:   33:/*EOF*/
        -:   34:/*EOF*/
        1:   35:/*EOF*/
        -:   36:/*EOF*/
        -:   37:/*EOF*/
        -:   38:/*EOF*/
        1:   39:/*EOF*/
        1:   40:/*EOF*/
        -:   41:/*EOF*/
        -:   42:/*EOF*/
        1:   43:/*EOF*/
        -:   44:/*EOF*/
        1:   45:/*EOF*/
        -:   46:/*EOF*/
        -:   47:/*EOF*/
        1:   48:/*EOF*/
        -:   49:/*EOF*/
        1:   50:/*EOF*/
        -:   51:/*EOF*/
        1:   52:/*EOF*/
        -:   53:/*EOF*/
        1:   54:/*EOF*/
        -:   55:/*EOF*/
        1:   56:/*EOF*/
        -:   57:/*EOF*/
        1:   58:/*EOF*/
        -:   59:/*EOF*/
        -:   60:/*EOF*/
        -:   61:/*EOF*/
    #####:   62:/*EOF*/
        -:   63:/*EOF*/
        -:   64:/*EOF*/
        -:   65:/*EOF*/
        -:   66:/*EOF*/
    #####:   67:/*EOF*/
        -:   68:/*EOF*/
        -:   69:/*EOF*/
        3:   70:/*EOF*/
