        -:    0:Source:src/test_main.cpp
        -:    0:Programs:2
        -:    1:/*EOF*/
        -:    2:/*EOF*/
        -:    3:/*EOF*/
        -:    4:/*EOF*/
        -:    5:/*EOF*/
        -:    6:/*EOF*/
        -:    7:/*EOF*/
        -:    8:/*EOF*/
        -:    9:/*EOF*/
        -:   10:/*EOF*/
        -:   11:/*EOF*/
        -:   12:/*EOF*/
        -:   13:/*EOF*/
        -:   14:/*EOF*/
        -:   15:/*EOF*/
        -:   16:/*EOF*/
        -:   17:/*EOF*/
        -:   18:/*EOF*/
        3:   19:/*EOF*/
        -:   20:/*EOF*/
        3:   21:/*EOF*/
        1:   22:/*EOF*/
        -:   23:/*EOF*/
        2:   24:/*EOF*/
        -:   25:/*EOF*/
        -:   26:/*EOF*/
        -:   27:/*EOF*/
        -:   28:/*EOF*/
        -:   29:/*EOF*/
        -:   30:/*EOF*/
        -:   31:/*EOF*/
        -:   32:/*EOF*/
        -:   33:/*EOF*/
        -:   34:/*EOF*/
        -:   35:/*EOF*/
        -:   36:/*EOF*/
        -:   37:/*EOF*/
        -:   38:/*EOF*/
        -:   39:/*EOF*/
        -:   40:/*EOF*/
        -:   41:/*EOF*/
        1:   42:/*EOF*/
        -:   43:/*EOF*/
        1:   44:/*EOF*/
        1:   45:/*EOF*/
        1:   46:/*EOF*/
        1:   47:/*EOF*/
        1:   48:/*EOF*/
        -:   49:/*EOF*/
        1:   50:/*EOF*/
        1:   51:/*EOF*/
        -:   52:/*EOF*/
        1:   53:/*EOF*/
        1:   54:/*EOF*/
        -:   55:/*EOF*/
        -:   56:/*EOF*/
        2:   57:/*EOF*/
        -:   58:/*EOF*/
        -:   59:/*EOF*/
        2:   60:/*EOF*/
        1:   61:/*EOF*/
        -:   62:/*EOF*/
        -:   63:/*EOF*/
        2:   64:/*EOF*/
        1:   65:/*EOF*/
        -:   66:/*EOF*/
        -:   67:/*EOF*/
        2:   68:/*EOF*/
        1:   69:/*EOF*/
        1:   70:/*EOF*/
        -:   71:/*EOF*/
        -:   72:/*EOF*/
        2:   73:/*EOF*/
        1:   74:/*EOF*/
        -:   75:/*EOF*/
        -:   76:/*EOF*/
        2:   77:/*EOF*/
        2:   78:/*EOF*/
        1:   79:/*EOF*/
        -:   80:/*EOF*/
        -:   81:/*EOF*/
        1:   82:/*EOF*/
        -:   83:/*EOF*/
        -:   84:/*EOF*/
        3:   85:/*EOF*/
